Build started 23/10/2015 6:05:26 AM.
     1>Project "C:\Assignments\GraphicProgramming1\Week04\HakureiShrine\HakureiShrine\HakureiShrine.vcxproj" on node 2 (build target(s)).
     1>InitializeBuildStatus:
         Creating "Release\HakureiShrine.unsuccessfulbuild" because "AlwaysCreate" was specified.
       ClCompile:
         C:\Program Files (x86)\Microsoft Visual Studio 10.0\VC\bin\CL.exe /c /I"C:\Assignments\GraphicProgramming1\Week02\glfw-3.1.1.bin.WIN32\include" /Zi /nologo /W3 /WX- /O2 /Oi /Oy- /GL /D WIN32 /D NDEBUG /D _CONSOLE /D _UNICODE /D UNICODE /Gm- /EHsc /MD /GS /Gy /fp:precise /Zc:wchar_t /Zc:forScope /Fo"Release\\" /Fd"Release\vc100.pdb" /Gd /TP /analyze- /errorReport:prompt main.cpp
         main.cpp
     1>C:\Program Files (x86)\Microsoft SDKs\Windows\v7.0A\include\windef.h(126): warning C4005: 'APIENTRY' : macro redefinition
                 C:\Assignments\GraphicProgramming1\Week02\glfw-3.1.1.bin.WIN32\include\GLFW/glfw3.h(85) : see previous definition of 'APIENTRY'
     1>c:\assignments\graphicprogramming1\week04\hakureishrine\hakureishrine\triangle_demo.h(178): warning C4244: 'initializing' : conversion from 'float' to 'int', possible loss of data
     1>c:\assignments\graphicprogramming1\week04\hakureishrine\hakureishrine\triangle_demo.h(182): warning C4244: 'argument' : conversion from 'int' to 'float', possible loss of data
     1>c:\assignments\graphicprogramming1\week04\hakureishrine\hakureishrine\triangle_demo.h(182): warning C4244: 'argument' : conversion from 'int' to 'float', possible loss of data
     1>c:\assignments\graphicprogramming1\week04\hakureishrine\hakureishrine\triangle_demo.h(183): warning C4244: 'argument' : conversion from 'int' to 'float', possible loss of data
     1>c:\assignments\graphicprogramming1\week04\hakureishrine\hakureishrine\triangle_demo.h(183): warning C4244: 'argument' : conversion from 'int' to 'float', possible loss of data
     1>c:\assignments\graphicprogramming1\week04\hakureishrine\hakureishrine\triangle_demo.h(193): warning C4244: 'argument' : conversion from 'int' to 'float', possible loss of data
     1>c:\assignments\graphicprogramming1\week04\hakureishrine\hakureishrine\triangle_demo.h(193): warning C4244: 'argument' : conversion from 'int' to 'float', possible loss of data
     1>c:\assignments\graphicprogramming1\week04\hakureishrine\hakureishrine\triangle_demo.h(207): warning C4244: 'argument' : conversion from 'int' to 'float', possible loss of data
     1>c:\assignments\graphicprogramming1\week04\hakureishrine\hakureishrine\triangle_demo.h(207): warning C4244: 'argument' : conversion from 'int' to 'float', possible loss of data
     1>c:\assignments\graphicprogramming1\week04\hakureishrine\hakureishrine\triangle_demo.h(208): warning C4244: 'argument' : conversion from 'int' to 'float', possible loss of data
     1>c:\assignments\graphicprogramming1\week04\hakureishrine\hakureishrine\triangle_demo.h(208): warning C4244: 'argument' : conversion from 'int' to 'float', possible loss of data
     1>c:\assignments\graphicprogramming1\week04\hakureishrine\hakureishrine\triangle_demo.h(218): warning C4244: 'argument' : conversion from 'int' to 'float', possible loss of data
     1>c:\assignments\graphicprogramming1\week04\hakureishrine\hakureishrine\triangle_demo.h(218): warning C4244: 'argument' : conversion from 'int' to 'float', possible loss of data
     1>c:\assignments\graphicprogramming1\week04\hakureishrine\hakureishrine\triangle_demo.h(228): warning C4244: 'argument' : conversion from 'int' to 'float', possible loss of data
     1>c:\assignments\graphicprogramming1\week04\hakureishrine\hakureishrine\triangle_demo.h(228): warning C4244: 'argument' : conversion from 'int' to 'float', possible loss of data
     1>c:\assignments\graphicprogramming1\week04\hakureishrine\hakureishrine\triangle_demo.h(242): warning C4244: 'argument' : conversion from 'int' to 'float', possible loss of data
     1>c:\assignments\graphicprogramming1\week04\hakureishrine\hakureishrine\triangle_demo.h(242): warning C4244: 'argument' : conversion from 'int' to 'float', possible loss of data
     1>main.cpp(38): warning C4244: '=' : conversion from 'double' to 'int', possible loss of data
     1>main.cpp(39): warning C4244: '=' : conversion from 'double' to 'int', possible loss of data
     1>main.cpp(43): warning C4244: 'initializing' : conversion from 'double' to 'int', possible loss of data
     1>main.cpp(44): warning C4244: 'initializing' : conversion from 'double' to 'int', possible loss of data
     1>main.cpp(45): warning C4244: '=' : conversion from 'double' to 'int', possible loss of data
     1>main.cpp(45): warning C4244: '=' : conversion from 'double' to 'int', possible loss of data
       Link:
         C:\Program Files (x86)\Microsoft Visual Studio 10.0\VC\bin\link.exe /ERRORREPORT:PROMPT /OUT:"C:\Assignments\GraphicProgramming1\Week04\HakureiShrine\Release\HakureiShrine.exe" /INCREMENTAL:NO /NOLOGO /LIBPATH:"C:\Assignments\GraphicProgramming1\Week02\glfw-3.1.1.bin.WIN32\lib-vc2010" opengl32.lib glu32.lib glfw3.lib kernel32.lib user32.lib gdi32.lib winspool.lib comdlg32.lib advapi32.lib shell32.lib ole32.lib oleaut32.lib uuid.lib odbc32.lib odbccp32.lib /MANIFEST /ManifestFile:"Release\HakureiShrine.exe.intermediate.manifest" /MANIFESTUAC:"level='asInvoker' uiAccess='false'" /DEBUG /PDB:"C:\Assignments\GraphicProgramming1\Week04\HakureiShrine\Release\HakureiShrine.pdb" /SUBSYSTEM:CONSOLE /OPT:REF /OPT:ICF /LTCG /TLBID:1 /DYNAMICBASE /NXCOMPAT /IMPLIB:"C:\Assignments\GraphicProgramming1\Week04\HakureiShrine\Release\HakureiShrine.lib" /MACHINE:X86 Release\main.obj
         Release\matrix.obj
         Generating code
         Finished generating code
         HakureiShrine.vcxproj -> C:\Assignments\GraphicProgramming1\Week04\HakureiShrine\Release\HakureiShrine.exe
       Manifest:
         C:\Program Files (x86)\Microsoft SDKs\Windows\v7.0A\bin\mt.exe /nologo /verbose /outputresource:"C:\Assignments\GraphicProgramming1\Week04\HakureiShrine\Release\HakureiShrine.exe;#1" /manifest Release\HakureiShrine.exe.intermediate.manifest
       FinalizeBuildStatus:
         Deleting file "Release\HakureiShrine.unsuccessfulbuild".
         Touching "Release\HakureiShrine.lastbuildstate".
     1>Done Building Project "C:\Assignments\GraphicProgramming1\Week04\HakureiShrine\HakureiShrine\HakureiShrine.vcxproj" (build target(s)).

Build succeeded.

Time Elapsed 00:00:02.07
