Build started 23/10/2015 6:09:16 AM.
     1>Project "C:\Assignments\GraphicProgramming1\Week04\HakureiShrine\HakureiShrine\HakureiShrine.vcxproj" on node 2 (build target(s)).
     1>InitializeBuildStatus:
         Creating "Debug\HakureiShrine.unsuccessfulbuild" because "AlwaysCreate" was specified.
       ClCompile:
         C:\Program Files (x86)\Microsoft Visual Studio 10.0\VC\bin\CL.exe /c /I"C:\Assignments\GraphicProgramming1\Week02\glfw-3.1.1.bin.WIN32\include" /ZI /nologo /W3 /WX- /Od /Oy- /D WIN32 /D _DEBUG /D _CONSOLE /D _UNICODE /D UNICODE /Gm /EHsc /RTC1 /MDd /GS /fp:precise /Zc:wchar_t /Zc:forScope /Fo"Debug\\" /Fd"Debug\vc100.pdb" /Gd /TP /analyze- /errorReport:prompt main.cpp
         main.cpp
     1>c:\program files (x86)\microsoft sdks\windows\v7.0a\include\windef.h(126): warning C4005: 'APIENTRY' : macro redefinition
                 c:\assignments\graphicprogramming1\week02\glfw-3.1.1.bin.win32\include\glfw\glfw3.h(85) : see previous definition of 'APIENTRY'
     1>c:\assignments\graphicprogramming1\week04\hakureishrine\hakureishrine\triangle_demo.h(178): warning C4244: 'initializing' : conversion from 'float' to 'int', possible loss of data
     1>c:\assignments\graphicprogramming1\week04\hakureishrine\hakureishrine\triangle_demo.h(182): warning C4244: 'argument' : conversion from 'int' to 'float', possible loss of data
     1>c:\assignments\graphicprogramming1\week04\hakureishrine\hakureishrine\triangle_demo.h(182): warning C4244: 'argument' : conversion from 'int' to 'float', possible loss of data
     1>c:\assignments\graphicprogramming1\week04\hakureishrine\hakureishrine\triangle_demo.h(183): warning C4244: 'argument' : conversion from 'int' to 'float', possible loss of data
     1>c:\assignments\graphicprogramming1\week04\hakureishrine\hakureishrine\triangle_demo.h(183): warning C4244: 'argument' : conversion from 'int' to 'float', possible loss of data
     1>c:\assignments\graphicprogramming1\week04\hakureishrine\hakureishrine\triangle_demo.h(193): warning C4244: 'argument' : conversion from 'int' to 'float', possible loss of data
     1>c:\assignments\graphicprogramming1\week04\hakureishrine\hakureishrine\triangle_demo.h(193): warning C4244: 'argument' : conversion from 'int' to 'float', possible loss of data
     1>c:\assignments\graphicprogramming1\week04\hakureishrine\hakureishrine\triangle_demo.h(207): warning C4244: 'argument' : conversion from 'int' to 'float', possible loss of data
     1>c:\assignments\graphicprogramming1\week04\hakureishrine\hakureishrine\triangle_demo.h(207): warning C4244: 'argument' : conversion from 'int' to 'float', possible loss of data
     1>c:\assignments\graphicprogramming1\week04\hakureishrine\hakureishrine\triangle_demo.h(208): warning C4244: 'argument' : conversion from 'int' to 'float', possible loss of data
     1>c:\assignments\graphicprogramming1\week04\hakureishrine\hakureishrine\triangle_demo.h(208): warning C4244: 'argument' : conversion from 'int' to 'float', possible loss of data
     1>c:\assignments\graphicprogramming1\week04\hakureishrine\hakureishrine\triangle_demo.h(218): warning C4244: 'argument' : conversion from 'int' to 'float', possible loss of data
     1>c:\assignments\graphicprogramming1\week04\hakureishrine\hakureishrine\triangle_demo.h(218): warning C4244: 'argument' : conversion from 'int' to 'float', possible loss of data
     1>c:\assignments\graphicprogramming1\week04\hakureishrine\hakureishrine\triangle_demo.h(228): warning C4244: 'argument' : conversion from 'int' to 'float', possible loss of data
     1>c:\assignments\graphicprogramming1\week04\hakureishrine\hakureishrine\triangle_demo.h(228): warning C4244: 'argument' : conversion from 'int' to 'float', possible loss of data
     1>c:\assignments\graphicprogramming1\week04\hakureishrine\hakureishrine\triangle_demo.h(242): warning C4244: 'argument' : conversion from 'int' to 'float', possible loss of data
     1>c:\assignments\graphicprogramming1\week04\hakureishrine\hakureishrine\triangle_demo.h(242): warning C4244: 'argument' : conversion from 'int' to 'float', possible loss of data
     1>c:\assignments\graphicprogramming1\week04\hakureishrine\hakureishrine\main.cpp(38): warning C4244: '=' : conversion from 'double' to 'int', possible loss of data
     1>c:\assignments\graphicprogramming1\week04\hakureishrine\hakureishrine\main.cpp(39): warning C4244: '=' : conversion from 'double' to 'int', possible loss of data
     1>c:\assignments\graphicprogramming1\week04\hakureishrine\hakureishrine\main.cpp(43): warning C4244: 'initializing' : conversion from 'double' to 'int', possible loss of data
     1>c:\assignments\graphicprogramming1\week04\hakureishrine\hakureishrine\main.cpp(44): warning C4244: 'initializing' : conversion from 'double' to 'int', possible loss of data
     1>c:\assignments\graphicprogramming1\week04\hakureishrine\hakureishrine\main.cpp(45): warning C4244: '=' : conversion from 'double' to 'int', possible loss of data
     1>c:\assignments\graphicprogramming1\week04\hakureishrine\hakureishrine\main.cpp(45): warning C4244: '=' : conversion from 'double' to 'int', possible loss of data
       Link:
         C:\Program Files (x86)\Microsoft Visual Studio 10.0\VC\bin\link.exe /ERRORREPORT:PROMPT /OUT:"C:\Assignments\GraphicProgramming1\Week04\HakureiShrine\Debug\HakureiShrine.exe" /INCREMENTAL:NO /NOLOGO /LIBPATH:"C:\Assignments\GraphicProgramming1\Week02\glfw-3.1.1.bin.WIN32\lib-vc2010" opengl32.lib glu32.lib glfw3.lib kernel32.lib user32.lib gdi32.lib winspool.lib comdlg32.lib advapi32.lib shell32.lib ole32.lib oleaut32.lib uuid.lib odbc32.lib odbccp32.lib /MANIFEST /ManifestFile:"Debug\HakureiShrine.exe.intermediate.manifest" /MANIFESTUAC:"level='asInvoker' uiAccess='false'" /DEBUG /PDB:"C:\Assignments\GraphicProgramming1\Week04\HakureiShrine\Debug\HakureiShrine.pdb" /SUBSYSTEM:CONSOLE /TLBID:1 /DYNAMICBASE /NXCOMPAT /IMPLIB:"C:\Assignments\GraphicProgramming1\Week04\HakureiShrine\Debug\HakureiShrine.lib" /MACHINE:X86 Debug\main.obj
         Debug\matrix.obj
     1>main.obj : warning LNK4075: ignoring '/EDITANDCONTINUE' due to '/INCREMENTAL:NO' specification
     1>LINK : warning LNK4098: defaultlib 'MSVCRT' conflicts with use of other libs; use /NODEFAULTLIB:library
         HakureiShrine.vcxproj -> C:\Assignments\GraphicProgramming1\Week04\HakureiShrine\Debug\HakureiShrine.exe
       Manifest:
         C:\Program Files (x86)\Microsoft SDKs\Windows\v7.0A\bin\mt.exe /nologo /verbose /outputresource:"C:\Assignments\GraphicProgramming1\Week04\HakureiShrine\Debug\HakureiShrine.exe;#1" /manifest Debug\HakureiShrine.exe.intermediate.manifest
       FinalizeBuildStatus:
         Deleting file "Debug\HakureiShrine.unsuccessfulbuild".
         Touching "Debug\HakureiShrine.lastbuildstate".
     1>Done Building Project "C:\Assignments\GraphicProgramming1\Week04\HakureiShrine\HakureiShrine\HakureiShrine.vcxproj" (build target(s)).

Build succeeded.

Time Elapsed 00:00:01.77
