C:\ASSIGNMENTS\GRAPHICPROGRAMMING1\WEEK04\HAKUREISHRINE\DEBUG\HAKUREISHRINE.EXE
C:\ASSIGNMENTS\GRAPHICPROGRAMMING1\WEEK04\HAKUREISHRINE\DEBUG\HAKUREISHRINE.PDB
C:\Assignments\GraphicProgramming1\Week04\HakureiShrine\HakureiShrine\Debug\cl.command.1.tlog
C:\Assignments\GraphicProgramming1\Week04\HakureiShrine\HakureiShrine\Debug\CL.read.1.tlog
C:\Assignments\GraphicProgramming1\Week04\HakureiShrine\HakureiShrine\Debug\CL.write.1.tlog
C:\Assignments\GraphicProgramming1\Week04\HakureiShrine\HakureiShrine\Debug\HakureiShrine.exe.embed.manifest
C:\ASSIGNMENTS\GRAPHICPROGRAMMING1\WEEK04\HAKUREISHRINE\HAKUREISHRINE\DEBUG\HAKUREISHRINE.EXE.EMBED.MANIFEST.RES
C:\ASSIGNMENTS\GRAPHICPROGRAMMING1\WEEK04\HAKUREISHRINE\HAKUREISHRINE\DEBUG\HAKUREISHRINE.EXE.INTERMEDIATE.MANIFEST
C:\Assignments\GraphicProgramming1\Week04\HakureiShrine\HakureiShrine\Debug\HakureiShrine.vcxprojResolveAssemblyReference.cache
C:\Assignments\GraphicProgramming1\Week04\HakureiShrine\HakureiShrine\Debug\HakureiShrine.write.1.tlog
C:\Assignments\GraphicProgramming1\Week04\HakureiShrine\HakureiShrine\Debug\HakureiShrine_manifest.rc
C:\Assignments\GraphicProgramming1\Week04\HakureiShrine\HakureiShrine\Debug\link.command.1.tlog
C:\Assignments\GraphicProgramming1\Week04\HakureiShrine\HakureiShrine\Debug\link.read.1.tlog
C:\Assignments\GraphicProgramming1\Week04\HakureiShrine\HakureiShrine\Debug\link.write.1.tlog
C:\Assignments\GraphicProgramming1\Week04\HakureiShrine\HakureiShrine\Debug\link-cvtres.read.1.tlog
C:\Assignments\GraphicProgramming1\Week04\HakureiShrine\HakureiShrine\Debug\link-cvtres.write.1.tlog
C:\ASSIGNMENTS\GRAPHICPROGRAMMING1\WEEK04\HAKUREISHRINE\HAKUREISHRINE\DEBUG\MAIN.OBJ
C:\ASSIGNMENTS\GRAPHICPROGRAMMING1\WEEK04\HAKUREISHRINE\HAKUREISHRINE\DEBUG\MATRIX.OBJ
C:\Assignments\GraphicProgramming1\Week04\HakureiShrine\HakureiShrine\Debug\mt.command.1.tlog
C:\Assignments\GraphicProgramming1\Week04\HakureiShrine\HakureiShrine\Debug\mt.read.1.tlog
C:\Assignments\GraphicProgramming1\Week04\HakureiShrine\HakureiShrine\Debug\mt.write.1.tlog
C:\Assignments\GraphicProgramming1\Week04\HakureiShrine\HakureiShrine\Debug\rc.command.1.tlog
C:\Assignments\GraphicProgramming1\Week04\HakureiShrine\HakureiShrine\Debug\rc.read.1.tlog
C:\Assignments\GraphicProgramming1\Week04\HakureiShrine\HakureiShrine\Debug\rc.write.1.tlog
C:\Assignments\GraphicProgramming1\Week04\HakureiShrine\HakureiShrine\Debug\vc100.idb
C:\ASSIGNMENTS\GRAPHICPROGRAMMING1\WEEK04\HAKUREISHRINE\HAKUREISHRINE\DEBUG\VC100.PDB
